[02-Oct-2025 17:30:30 Asia/Krasnoyarsk] [THIẾT LẬP] Đã chuyển hướng log plugin sang: /var/www/html/glpi/plugins/glpimobilenotification/smartdesk_mobile.log
[02-Oct-2025 17:30:30 Asia/Krasnoyarsk] [THÔNG BÁO] Ticket #39: Không có người nhận đủ điều kiện (không gửi).
[02-Oct-2025 17:35:31 Asia/Krasnoyarsk] [THIẾT LẬP] Đã chuyển hướng log plugin sang: /var/www/html/glpi/plugins/glpimobilenotification/smartdesk_mobile.log
[02-Oct-2025 17:35:31 Asia/Krasnoyarsk] [THÔNG BÁO] Ticket #40: Không có người nhận đủ điều kiện (không gửi).
[02-Oct-2025 17:38:25 Asia/Krasnoyarsk] [THIẾT LẬP] Đã chuyển hướng log plugin sang: /var/www/html/glpi/plugins/glpimobilenotification/smartdesk_mobile.log
[02-Oct-2025 17:38:25 Asia/Krasnoyarsk] [THÔNG BÁO] Ticket #41: Không có người nhận đủ điều kiện (không gửi).
[02-Oct-2025 17:39:01 Asia/Krasnoyarsk] [THIẾT LẬP] Đã chuyển hướng log plugin sang: /var/www/html/glpi/plugins/glpimobilenotification/smartdesk_mobile.log
[02-Oct-2025 17:39:01 Asia/Krasnoyarsk] [THÔNG BÁO] Followup Ticket #41: Không có người nhận đủ điều kiện (không gửi).
[02-Oct-2025 17:39:45 Asia/Krasnoyarsk] [THIẾT LẬP] Đã chuyển hướng log plugin sang: /var/www/html/glpi/plugins/glpimobilenotification/smartdesk_mobile.log
[02-Oct-2025 17:39:45 Asia/Krasnoyarsk] [THÔNG BÁO] Followup Ticket #41: Không có người nhận đủ điều kiện (không gửi).
[03-Oct-2025 09:15:26 Asia/Krasnoyarsk] [THIẾT LẬP] Đã chuyển hướng log plugin sang: /var/www/html/glpi/plugins/glpimobilenotification/smartdesk_mobile.log
[03-Oct-2025 09:15:26 Asia/Krasnoyarsk] [THÔNG BÁO] Followup mới cho Ticket #41: Không tìm thấy token hợp lệ để gửi (HTTP v1).
[03-Oct-2025 09:17:19 Asia/Krasnoyarsk] [THIẾT LẬP] Đã chuyển hướng log plugin sang: /var/www/html/glpi/plugins/glpimobilenotification/smartdesk_mobile.log
[03-Oct-2025 09:17:19 Asia/Krasnoyarsk] [THÔNG BÁO] Followup mới cho Ticket #41: Không tìm thấy token hợp lệ để gửi (HTTP v1).
[03-Oct-2025 09:24:03 Asia/Krasnoyarsk] [THIẾT LẬP] Đã chuyển hướng log plugin sang: /var/www/html/glpi/plugins/glpimobilenotification/smartdesk_mobile.log
[03-Oct-2025 09:24:04 Asia/Krasnoyarsk] [THÔNG BÁO] Followup mới cho Ticket #41: Phản hồi FCM v1: {
  "name": "projects/smartdesk-4636d/messages/0:1759458244318890%deb1d531deb1d531"
}

[03-Oct-2025 09:27:39 Asia/Krasnoyarsk] [THIẾT LẬP] Đã chuyển hướng log plugin sang: /var/www/html/glpi/plugins/glpimobilenotification/smartdesk_mobile.log
[03-Oct-2025 09:27:40 Asia/Krasnoyarsk] [THÔNG BÁO] Followup mới cho Ticket #41: Phản hồi FCM v1: {
  "name": "projects/smartdesk-4636d/messages/0:1759458460060623%deb1d531deb1d531"
}

[03-Oct-2025 09:39:09 Asia/Krasnoyarsk] [THIẾT LẬP] Đã chuyển hướng log plugin sang: /var/www/html/glpi/plugins/glpimobilenotification/smartdesk_mobile.log
[03-Oct-2025 09:39:09 Asia/Krasnoyarsk] [THÔNG BÁO] Followup mới cho Ticket #41: Không tìm thấy token hợp lệ để gửi (HTTP v1).
[03-Oct-2025 09:43:46 Asia/Krasnoyarsk] [THIẾT LẬP] Đã chuyển hướng log plugin sang: /var/www/html/glpi/plugins/glpimobilenotification/smartdesk_mobile.log
[03-Oct-2025 09:43:47 Asia/Krasnoyarsk] [THÔNG BÁO] Followup mới cho Ticket #41: Phản hồi FCM v1: {
  "name": "projects/smartdesk-4636d/messages/0:1759459427166795%deb1d531deb1d531"
}

[03-Oct-2025 09:46:21 Asia/Krasnoyarsk] [THIẾT LẬP] Đã chuyển hướng log plugin sang: /var/www/html/glpi/plugins/glpimobilenotification/smartdesk_mobile.log
[03-Oct-2025 09:46:21 Asia/Krasnoyarsk] [THÔNG BÁO] Followup mới cho Ticket #41: Không tìm thấy token hợp lệ để gửi (HTTP v1).
[03-Oct-2025 09:48:12 Asia/Krasnoyarsk] [THIẾT LẬP] Đã chuyển hướng log plugin sang: /var/www/html/glpi/plugins/glpimobilenotification/smartdesk_mobile.log
[03-Oct-2025 09:48:12 Asia/Krasnoyarsk] [THÔNG BÁO] Followup mới cho Ticket #41: Phản hồi FCM v1: {
  "name": "projects/smartdesk-4636d/messages/0:1759459692526255%deb1d531deb1d531"
}

[TOKEN UPDATE] Endpoint called from IP: 172.17.0.3
[TOKEN UPDATE] Updating token for user #13
[TOKEN UPDATE] Found user: demo01 (#13)
[TOKEN UPDATE] SUCCESS - User: demo01 (#13) - Token preview: FBT:test123...
[TOKEN UPDATE] Request from IP: 172.17.0.3
[TOKEN UPDATE] Authenticating with Session-Token
[TOKEN UPDATE] Invalid or expired Session-Token
[TOKEN UPDATE] Request from IP: 172.17.0.3
[TOKEN UPDATE] Authenticating with Session-Token
[TOKEN UPDATE] Invalid or expired Session-Token
[TOKEN UPDATE] Request from IP: 172.17.0.3
[TOKEN UPDATE] Authenticating with Session-Token
[TOKEN UPDATE] Invalid or expired Session-Token
[TOKEN UPDATE] Request from IP: 172.17.0.3
[TOKEN UPDATE] Authenticating with Session-Token
[TOKEN UPDATE] Invalid or expired Session-Token
[TOKEN UPDATE] Endpoint called from IP: 172.17.0.3
[TOKEN UPDATE] Updating token for user #13
[TOKEN UPDATE] Found user: demo01 (#13)
[TOKEN UPDATE] SUCCESS - User: demo01 (#13) - Token preview: FBT:test123...
[TOKEN UPDATE] Endpoint called from IP: 172.17.0.3
[TOKEN UPDATE] Updating token for user #13
[TOKEN UPDATE] Found user: demo01 (#13)
[TOKEN UPDATE] SUCCESS - User: demo01 (#13) - Token preview: FBT:test1232...
[TOKEN UPDATE] Endpoint called from IP: 172.17.0.3
[TOKEN UPDATE] Endpoint called from IP: 172.17.0.3
[TOKEN UPDATE] Missing required fields
[TOKEN UPDATE] Endpoint called from IP: 172.17.0.3
[TOKEN UPDATE] Updating token for user #13
[TOKEN UPDATE] Found user: demo01 (#13)
[TOKEN UPDATE] SUCCESS - User: demo01 (#13) - Token preview: FBT:e25vR6mkSD2VAphSW2gIsN:APA...
[03-Oct-2025 15:01:58 Asia/Krasnoyarsk] [THIẾT LẬP] Đã chuyển hướng log plugin sang: /var/www/html/glpi/plugins/glpimobilenotification/smartdesk_mobile.log
[03-Oct-2025 15:01:59 Asia/Krasnoyarsk] [THÔNG BÁO] Followup mới cho Ticket #29: Phản hồi FCM v1: {
  "error": {
    "code": 401,
    "message": "Request had invalid authentication credentials. Expected OAuth 2 access token, login cookie or other valid authentication credential. See https://developers.google.com/identity/sign-in/web/devconsole-project.",
    "status": "UNAUTHENTICATED"
  }
}

[03-Oct-2025 15:03:23 Asia/Krasnoyarsk] [THIẾT LẬP] Đã chuyển hướng log plugin sang: /var/www/html/glpi/plugins/glpimobilenotification/smartdesk_mobile.log
[03-Oct-2025 15:03:24 Asia/Krasnoyarsk] [THÔNG BÁO] Followup mới cho Ticket #29: Phản hồi FCM v1: {
  "name": "projects/smartdesk-4636d/messages/0:1759478604008013%deb1d531deb1d531"
}

[03-Oct-2025 15:06:04 Asia/Krasnoyarsk] [THIẾT LẬP] Đã chuyển hướng log plugin sang: /var/www/html/glpi/plugins/glpimobilenotification/smartdesk_mobile.log
[03-Oct-2025 15:06:05 Asia/Krasnoyarsk] [THÔNG BÁO] Followup mới cho Ticket #29: Phản hồi FCM v1: {
  "name": "projects/smartdesk-4636d/messages/0:1759478765104632%deb1d531deb1d531"
}

[03-Oct-2025 15:06:28 Asia/Krasnoyarsk] [THIẾT LẬP] Đã chuyển hướng log plugin sang: /var/www/html/glpi/plugins/glpimobilenotification/smartdesk_mobile.log
[03-Oct-2025 15:06:29 Asia/Krasnoyarsk] [THÔNG BÁO] Followup mới cho Ticket #29: Phản hồi FCM v1: {
  "name": "projects/smartdesk-4636d/messages/0:1759478789268135%deb1d531deb1d531"
}

[03-Oct-2025 15:15:07 Asia/Krasnoyarsk] [THIẾT LẬP] Đã chuyển hướng log plugin sang: /var/www/html/glpi/plugins/glpimobilenotification/smartdesk_mobile.log
[03-Oct-2025 15:15:07 Asia/Krasnoyarsk] [THÔNG BÁO] Followup mới cho Ticket #29: Phản hồi FCM v1: {
  "name": "projects/smartdesk-4636d/messages/0:1759479307793499%deb1d531deb1d531"
}

